mode: set
/home/ksld154/repos/niji-discord-bot/pkg/nijiparser/main.go:44.41,157.2 2 1
/home/ksld154/repos/niji-discord-bot/pkg/nijiparser/main.go:159.36,172.2 3 1
/home/ksld154/repos/niji-discord-bot/pkg/nijiparser/main.go:174.75,180.16 4 1
/home/ksld154/repos/niji-discord-bot/pkg/nijiparser/main.go:184.2,187.45 3 1
/home/ksld154/repos/niji-discord-bot/pkg/nijiparser/main.go:219.2,220.26 2 1
/home/ksld154/repos/niji-discord-bot/pkg/nijiparser/main.go:223.2,225.23 2 1
/home/ksld154/repos/niji-discord-bot/pkg/nijiparser/main.go:180.16,182.3 1 0
/home/ksld154/repos/niji-discord-bot/pkg/nijiparser/main.go:187.45,189.28 1 1
/home/ksld154/repos/niji-discord-bot/pkg/nijiparser/main.go:193.3,194.17 2 1
/home/ksld154/repos/niji-discord-bot/pkg/nijiparser/main.go:198.3,201.36 3 1
/home/ksld154/repos/niji-discord-bot/pkg/nijiparser/main.go:204.3,215.83 6 1
/home/ksld154/repos/niji-discord-bot/pkg/nijiparser/main.go:189.28,190.12 1 0
/home/ksld154/repos/niji-discord-bot/pkg/nijiparser/main.go:194.17,196.12 2 0
/home/ksld154/repos/niji-discord-bot/pkg/nijiparser/main.go:201.36,202.12 1 0
/home/ksld154/repos/niji-discord-bot/pkg/nijiparser/main.go:220.26,222.3 1 1
/home/ksld154/repos/niji-discord-bot/pkg/nijiparser/main.go:228.102,238.31 8 1
/home/ksld154/repos/niji-discord-bot/pkg/nijiparser/main.go:251.2,256.22 5 1
/home/ksld154/repos/niji-discord-bot/pkg/nijiparser/main.go:238.31,243.40 4 1
/home/ksld154/repos/niji-discord-bot/pkg/nijiparser/main.go:248.3,248.66 1 1
/home/ksld154/repos/niji-discord-bot/pkg/nijiparser/main.go:243.40,246.4 2 1
/home/ksld154/repos/niji-discord-bot/pkg/nijiparser/main.go:260.65,264.16 3 1
/home/ksld154/repos/niji-discord-bot/pkg/nijiparser/main.go:268.2,271.16 3 1
/home/ksld154/repos/niji-discord-bot/pkg/nijiparser/main.go:276.2,279.22 3 1
/home/ksld154/repos/niji-discord-bot/pkg/nijiparser/main.go:264.16,267.3 2 0
/home/ksld154/repos/niji-discord-bot/pkg/nijiparser/main.go:271.16,274.3 2 0
